<?xml version="1.0" encoding="UTF-8"?>
<!-- Generated by org.testng.reporters.JUnitXMLReporter -->
<testsuite ignored="0" hostname="DESKTOP-GIL2FHK" failures="1" tests="2" name="Surefire test" time="18.017" errors="0" timestamp="2024-05-27T08:23:18 IST">
  <testcase classname="io.cucumber.testng.AbstractTestNGCucumberTests" name="runScenario" time="14.972"/>
  <testcase classname="io.cucumber.testng.AbstractTestNGCucumberTests" name="runScenario" time="15.039">
    <failure type="java.lang.AssertionError" message="expected [No data] but found [Tomato]">
      <![CDATA[java.lang.AssertionError: expected [No data] but found [Tomato]
at stepDefinitions.OffersPageStepDefination.validate_product_name_in_offers_page_matches_with_landing_page(OffersPageStepDefination.java:38)
at âœ½.validate product name in Offers page matches with Landing page(file:///D:/JAVA/eclipse-workspace/CucumberFramework/src/test/java/features/searchProduct.feature:9)
... Removed 6 stack frames]]>
    </failure>
  </testcase> <!-- runScenario -->
</testsuite> <!-- Surefire test -->
